<?xml version="1.0" encoding="UTF-8" ?>
<testsuite tests="4" failures="0" name="ca.concordia.PacketTest" time="0.271" errors="0" skipped="0">
  <properties>
    <property name="java.runtime.name" value="OpenJDK Runtime Environment"/>
    <property name="java.vm.version" value="11.0.6+8-b520.43"/>
    <property name="sun.boot.library.path" value="/snap/intellij-idea-ultimate/212/jbr/lib"/>
    <property name="maven.multiModuleProjectDirectory" value="/home/william/Projects/UDP-Http"/>
    <property name="java.vm.vendor" value="JetBrains s.r.o"/>
    <property name="java.vendor.url" value="https://www.jetbrains.com/"/>
    <property name="guice.disable.misplaced.annotation.check" value="true"/>
    <property name="path.separator" value=":"/>
    <property name="java.vm.name" value="OpenJDK 64-Bit Server VM"/>
    <property name="sun.os.patch.level" value="unknown"/>
    <property name="user.country" value="CA"/>
    <property name="sun.java.launcher" value="SUN_STANDARD"/>
    <property name="java.vm.specification.name" value="Java Virtual Machine Specification"/>
    <property name="user.dir" value="/home/william/Projects/UDP-Http"/>
    <property name="java.vm.compressedOopsMode" value="32-bit"/>
    <property name="java.runtime.version" value="11.0.6+8-b520.43"/>
    <property name="java.awt.graphicsenv" value="sun.awt.X11GraphicsEnvironment"/>
    <property name="os.arch" value="amd64"/>
    <property name="java.io.tmpdir" value="/tmp"/>
    <property name="line.separator" value="
"/>
    <property name="java.vm.specification.vendor" value="Oracle Corporation"/>
    <property name="os.name" value="Linux"/>
    <property name="maven.ext.class.path" value="/snap/intellij-idea-ultimate/212/plugins/maven/lib/maven-event-listener.jar"/>
    <property name="classworlds.conf" value="/snap/intellij-idea-ultimate/212/plugins/maven/lib/maven3/bin/m2.conf"/>
    <property name="sun.jnu.encoding" value="UTF-8"/>
    <property name="java.library.path" value="/usr/java/packages/lib:/usr/lib64:/lib64:/lib:/usr/lib"/>
    <property name="maven.conf" value="/snap/intellij-idea-ultimate/212/plugins/maven/lib/maven3/conf"/>
    <property name="jdk.debug" value="release"/>
    <property name="java.class.version" value="55.0"/>
    <property name="java.specification.name" value="Java Platform API Specification"/>
    <property name="sun.management.compiler" value="HotSpot 64-Bit Tiered Compilers"/>
    <property name="idea.version2019.3.4" value="true"/>
    <property name="os.version" value="5.3.0-40-generic"/>
    <property name="user.home" value="/home/william"/>
    <property name="user.timezone" value="America/Toronto"/>
    <property name="java.awt.printerjob" value="sun.print.PSPrinterJob"/>
    <property name="file.encoding" value="UTF-8"/>
    <property name="java.specification.version" value="11"/>
    <property name="user.name" value="william"/>
    <property name="java.class.path" value="/snap/intellij-idea-ultimate/212/plugins/maven/lib/maven3/boot/plexus-classworlds-2.6.0.jar"/>
    <property name="java.vm.specification.version" value="11"/>
    <property name="sun.arch.data.model" value="64"/>
    <property name="sun.java.command" value="org.codehaus.classworlds.Launcher -Didea.version2019.3.4 package"/>
    <property name="java.home" value="/snap/intellij-idea-ultimate/212/jbr"/>
    <property name="user.language" value="en"/>
    <property name="java.specification.vendor" value="Oracle Corporation"/>
    <property name="awt.toolkit" value="sun.awt.X11.XToolkit"/>
    <property name="java.vm.info" value="mixed mode"/>
    <property name="java.version" value="11.0.6"/>
    <property name="securerandom.source" value="file:/dev/./urandom"/>
    <property name="java.vendor" value="JetBrains s.r.o"/>
    <property name="maven.home" value="/snap/intellij-idea-ultimate/212/plugins/maven/lib/maven3"/>
    <property name="file.separator" value="/"/>
    <property name="java.version.date" value="2020-01-14"/>
    <property name="java.vendor.url.bug" value="https://youtrack.jetbrains.com"/>
    <property name="sun.io.unicode.encoding" value="UnicodeLittle"/>
    <property name="sun.cpu.endian" value="little"/>
    <property name="sun.desktop" value="gnome"/>
    <property name="sun.cpu.isalist" value=""/>
  </properties>
  <testcase classname="ca.concordia.PacketTest" name="[0] #45 peer=/127.0.0.1:2100, size=11, [1, 0, 0, 0, 45, 127, 0, 0, 1, 8, 52, 72, 101, 108, 108, 111, 32, 87, 111, 114, 108, 100] (testWritePacket)" time="0.269"/>
  <testcase classname="ca.concordia.PacketTest" name="[1] #2992122123 peer=/192.168.2.125:53201, size=0, [29, 178, 88, 41, 11, 192, 168, 2, 125, 207, 209] (testWritePacket)" time="0.001"/>
  <testcase classname="ca.concordia.PacketTest" name="[0] #45 peer=/127.0.0.1:2100, size=11, [1, 0, 0, 0, 45, 127, 0, 0, 1, 8, 52, 72, 101, 108, 108, 111, 32, 87, 111, 114, 108, 100] (testParseValidPackets)" time="0"/>
  <testcase classname="ca.concordia.PacketTest" name="[1] #2992122123 peer=/192.168.2.125:53201, size=0, [29, 178, 88, 41, 11, 192, 168, 2, 125, 207, 209] (testParseValidPackets)" time="0.001"/>
</testsuite>